<?xml version="1.0" encoding="UTF-8"?>
<!-- Generated by org.testng.reporters.JUnitXMLReporter -->
<testsuite ignored="0" hostname="DESKTOP-7FERR33" failures="0" tests="7" name="Test All Operations" time="138.418" errors="0" timestamp="2023-12-04T18:36:57 PKT">
  <testcase classname="testCases.ChechIconGrid" name="openViewsPage" time="2.918"/>
  <testcase classname="testCases.ChechIconGrid" name="verifyViewsPage" time="0.088"/>
  <testcase classname="base.AppTest" name="readContent" time="8.674"/>
  <testcase classname="testCases.ViewsTestCases" name="openIconGrid" time="20.088"/>
  <testcase classname="base.AppTest" name="readContent" time="8.679"/>
  <testcase classname="testCases.VerifyHomeScreen" name="verifyHomeScreen" time="2.231"/>
  <testcase classname="base.AppTest" name="readContent" time="8.94"/>
</testsuite> <!-- Test All Operations -->
