<?xml version="1.0" encoding="UTF-8"?>
<testng-results ignored="0" total="7" passed="7" failed="0" skipped="0">
  <reporter-output>
  </reporter-output>
  <suite started-at="2023-12-04T18:34:39 PKT" name="Suite Name" finished-at="2023-12-04T18:36:57 PKT" duration-ms="138418">
    <groups>
    </groups>
    <test started-at="2023-12-04T18:34:39 PKT" name="Test All Operations" finished-at="2023-12-04T18:36:57 PKT" duration-ms="138418">
      <class name="testCases.VerifyHomeScreen">
        <test-method is-config="true" signature="startUp()[pri:0, instance:testCases.VerifyHomeScreen@63a65a25]" started-at="2023-12-04T18:36:19 PKT" name="startUp" finished-at="2023-12-04T18:36:36 PKT" duration-ms="16755" status="PASS">
          <reporter-output>
          </reporter-output>
        </test-method> <!-- startUp -->
        <test-method is-config="true" signature="restartApp()[pri:0, instance:testCases.VerifyHomeScreen@63a65a25]" started-at="2023-12-04T18:36:36 PKT" name="restartApp" finished-at="2023-12-04T18:36:40 PKT" duration-ms="4641" status="PASS">
          <reporter-output>
          </reporter-output>
        </test-method> <!-- restartApp -->
        <test-method signature="verifyHomeScreen()[pri:0, instance:testCases.VerifyHomeScreen@63a65a25]" started-at="2023-12-04T18:36:40 PKT" name="verifyHomeScreen" finished-at="2023-12-04T18:36:43 PKT" duration-ms="2231" status="PASS">
          <reporter-output>
          </reporter-output>
        </test-method> <!-- verifyHomeScreen -->
        <test-method is-config="true" signature="restartApp()[pri:0, instance:testCases.VerifyHomeScreen@63a65a25]" started-at="2023-12-04T18:36:43 PKT" name="restartApp" finished-at="2023-12-04T18:36:47 PKT" duration-ms="4608" status="PASS">
          <reporter-output>
          </reporter-output>
        </test-method> <!-- restartApp -->
        <test-method signature="readContent()[pri:2, instance:testCases.VerifyHomeScreen@63a65a25]" started-at="2023-12-04T18:36:47 PKT" name="readContent" finished-at="2023-12-04T18:36:56 PKT" duration-ms="8940" status="PASS">
          <reporter-output>
          </reporter-output>
        </test-method> <!-- readContent -->
        <test-method is-config="true" signature="tearUp()[pri:0, instance:testCases.VerifyHomeScreen@63a65a25]" started-at="2023-12-04T18:36:56 PKT" name="tearUp" finished-at="2023-12-04T18:36:57 PKT" duration-ms="804" status="PASS">
          <reporter-output>
          </reporter-output>
        </test-method> <!-- tearUp -->
      </class> <!-- testCases.VerifyHomeScreen -->
      <class name="testCases.ViewsTestCases">
        <test-method is-config="true" signature="startUp()[pri:0, instance:testCases.ViewsTestCases@6b26e945]" started-at="2023-12-04T18:35:24 PKT" name="startUp" finished-at="2023-12-04T18:35:40 PKT" duration-ms="16007" status="PASS">
          <reporter-output>
          </reporter-output>
        </test-method> <!-- startUp -->
        <test-method is-config="true" signature="restartApp()[pri:0, instance:testCases.ViewsTestCases@6b26e945]" started-at="2023-12-04T18:35:40 PKT" name="restartApp" finished-at="2023-12-04T18:35:45 PKT" duration-ms="4641" status="PASS">
          <reporter-output>
          </reporter-output>
        </test-method> <!-- restartApp -->
        <test-method signature="openIconGrid()[pri:1, instance:testCases.ViewsTestCases@6b26e945]" started-at="2023-12-04T18:35:45 PKT" name="openIconGrid" finished-at="2023-12-04T18:36:05 PKT" duration-ms="20088" status="PASS">
          <reporter-output>
          </reporter-output>
        </test-method> <!-- openIconGrid -->
        <test-method is-config="true" signature="restartApp()[pri:0, instance:testCases.ViewsTestCases@6b26e945]" started-at="2023-12-04T18:36:05 PKT" name="restartApp" finished-at="2023-12-04T18:36:10 PKT" duration-ms="4723" status="PASS">
          <reporter-output>
          </reporter-output>
        </test-method> <!-- restartApp -->
        <test-method signature="readContent()[pri:2, instance:testCases.ViewsTestCases@6b26e945]" started-at="2023-12-04T18:36:10 PKT" name="readContent" finished-at="2023-12-04T18:36:18 PKT" duration-ms="8679" status="PASS">
          <reporter-output>
          </reporter-output>
        </test-method> <!-- readContent -->
        <test-method is-config="true" signature="tearUp()[pri:0, instance:testCases.ViewsTestCases@6b26e945]" started-at="2023-12-04T18:36:18 PKT" name="tearUp" finished-at="2023-12-04T18:36:19 PKT" duration-ms="699" status="PASS">
          <reporter-output>
          </reporter-output>
        </test-method> <!-- tearUp -->
      </class> <!-- testCases.ViewsTestCases -->
      <class name="testCases.ChechIconGrid">
        <test-method is-config="true" signature="startUp()[pri:0, instance:testCases.ChechIconGrid@33afa13b]" started-at="2023-12-04T18:34:39 PKT" name="startUp" finished-at="2023-12-04T18:34:58 PKT" duration-ms="19202" status="PASS">
          <reporter-output>
          </reporter-output>
        </test-method> <!-- startUp -->
        <test-method is-config="true" signature="restartApp()[pri:0, instance:testCases.ChechIconGrid@33afa13b]" started-at="2023-12-04T18:34:58 PKT" name="restartApp" finished-at="2023-12-04T18:35:02 PKT" duration-ms="4647" status="PASS">
          <reporter-output>
          </reporter-output>
        </test-method> <!-- restartApp -->
        <test-method signature="openViewsPage()[pri:0, instance:testCases.ChechIconGrid@33afa13b]" started-at="2023-12-04T18:35:02 PKT" name="openViewsPage" finished-at="2023-12-04T18:35:05 PKT" duration-ms="2918" status="PASS">
          <reporter-output>
          </reporter-output>
        </test-method> <!-- openViewsPage -->
        <test-method is-config="true" signature="restartApp()[pri:0, instance:testCases.ChechIconGrid@33afa13b]" started-at="2023-12-04T18:35:05 PKT" name="restartApp" finished-at="2023-12-04T18:35:10 PKT" duration-ms="4681" status="PASS">
          <reporter-output>
          </reporter-output>
        </test-method> <!-- restartApp -->
        <test-method signature="verifyViewsPage()[pri:0, instance:testCases.ChechIconGrid@33afa13b]" started-at="2023-12-04T18:35:10 PKT" name="verifyViewsPage" finished-at="2023-12-04T18:35:10 PKT" duration-ms="88" status="PASS">
          <reporter-output>
          </reporter-output>
        </test-method> <!-- verifyViewsPage -->
        <test-method is-config="true" signature="restartApp()[pri:0, instance:testCases.ChechIconGrid@33afa13b]" started-at="2023-12-04T18:35:10 PKT" name="restartApp" finished-at="2023-12-04T18:35:15 PKT" duration-ms="4657" status="PASS">
          <reporter-output>
          </reporter-output>
        </test-method> <!-- restartApp -->
        <test-method signature="readContent()[pri:2, instance:testCases.ChechIconGrid@33afa13b]" started-at="2023-12-04T18:35:15 PKT" name="readContent" finished-at="2023-12-04T18:35:23 PKT" duration-ms="8674" status="PASS">
          <reporter-output>
          </reporter-output>
        </test-method> <!-- readContent -->
        <test-method is-config="true" signature="tearUp()[pri:0, instance:testCases.ChechIconGrid@33afa13b]" started-at="2023-12-04T18:35:23 PKT" name="tearUp" finished-at="2023-12-04T18:35:24 PKT" duration-ms="669" status="PASS">
          <reporter-output>
          </reporter-output>
        </test-method> <!-- tearUp -->
      </class> <!-- testCases.ChechIconGrid -->
    </test> <!-- Test All Operations -->
  </suite> <!-- Suite Name -->
</testng-results>
