<?xml version="1.0" encoding="UTF-8"?>
<testng-results ignored="0" total="1" passed="1" failed="0" skipped="0">
  <reporter-output>
  </reporter-output>
  <suite started-at="2023-12-04T13:29:09 PKT" name="Default suite" finished-at="2023-12-04T13:29:47 PKT" duration-ms="38190">
    <groups>
    </groups>
    <test started-at="2023-12-04T13:29:09 PKT" name="Default test" finished-at="2023-12-04T13:29:47 PKT" duration-ms="38190">
      <class name="testCases.VerifySliderX">
        <test-method is-config="true" signature="startUp()[pri:0, instance:testCases.VerifySliderX@49e53c76]" started-at="2023-12-04T13:29:09 PKT" name="startUp" finished-at="2023-12-04T13:29:25 PKT" duration-ms="16299" status="PASS">
          <reporter-output>
          </reporter-output>
        </test-method> <!-- startUp -->
        <test-method is-config="true" signature="restartApp()[pri:0, instance:testCases.VerifySliderX@49e53c76]" started-at="2023-12-04T13:29:25 PKT" name="restartApp" finished-at="2023-12-04T13:29:30 PKT" duration-ms="4646" status="PASS">
          <reporter-output>
          </reporter-output>
        </test-method> <!-- restartApp -->
        <test-method signature="verifySlider()[pri:0, instance:testCases.VerifySliderX@49e53c76]" started-at="2023-12-04T13:29:30 PKT" name="verifySlider" finished-at="2023-12-04T13:29:46 PKT" duration-ms="16489" status="PASS">
          <reporter-output>
          </reporter-output>
        </test-method> <!-- verifySlider -->
        <test-method is-config="true" signature="tearUp()[pri:0, instance:testCases.VerifySliderX@49e53c76]" started-at="2023-12-04T13:29:46 PKT" name="tearUp" finished-at="2023-12-04T13:29:47 PKT" duration-ms="712" status="PASS">
          <reporter-output>
          </reporter-output>
        </test-method> <!-- tearUp -->
      </class> <!-- testCases.VerifySliderX -->
    </test> <!-- Default test -->
  </suite> <!-- Default suite -->
</testng-results>
